<?xml version="1.0" encoding="UTF-8"?>
<!-- Generated by org.testng.reporters.JUnitReportReporter -->
<testsuite hostname="Abdulraheem" failures="0" tests="8" name="MyTestCases" time="23.823" errors="0" timestamp="2024-06-10T22:07:02 EET" skipped="3">
  <testcase classname="MyTestCases" name="get" time="4.284"/>
  <system-out/>
  <testcase classname="MyTestCases" name="get" time="4.421"/>
  <system-out/>
  <testcase classname="MyTestCases" name="get" time="4.419"/>
  <system-out/>
  <testcase classname="MyTestCases" name="get" time="6.450"/>
  <system-out/>
  <testcase classname="MyTestCases" name="get" time="4.249"/>
  <system-out/>
  <testcase classname="MyTestCases" name="update">
    <skipped/>
  </testcase> <!-- update -->
  <system-out/>
  <testcase classname="MyTestCases" name="delete">
    <skipped/>
  </testcase> <!-- delete -->
  <system-out/>
  <testcase classname="MyTestCases" name="add">
    <skipped/>
  </testcase> <!-- add -->
  <system-out/>
</testsuite> <!-- MyTestCases -->
